Sencha Cmd v5.1.3.61
[INF] Processing Build Descriptor : default
[INF] Loading app json manifest...
[INF] Concatenating output to file D:\_BRG-WC-Reference\archibus-231-330-uofc\schema\ab-products\common\mobile\src/build/temp/production/ConditionAssessment/sencha-compiler/cmd-packages.js
[INF] writing content to D:\_BRG-WC-Reference\archibus-231-330-uofc\schema\ab-products\common\mobile\src\ConditionAssessment\bootstrap.js
[INF] appending content to D:\_BRG-WC-Reference\archibus-231-330-uofc\schema\ab-products\common\mobile\src\ConditionAssessment\bootstrap.js
[INF] appending content to D:\_BRG-WC-Reference\archibus-231-330-uofc\schema\ab-products\common\mobile\src\ConditionAssessment\bootstrap.js
[INF] appending content to D:\_BRG-WC-Reference\archibus-231-330-uofc\schema\ab-products\common\mobile\src\ConditionAssessment\bootstrap.js
[INF] Appending content to D:\_BRG-WC-Reference\archibus-231-330-uofc\schema\ab-products\common\mobile\src\ConditionAssessment/bootstrap.json
[WRN] C1014: callParent has no target (me.callParent in Ext.dataview.DataView.onAfterRender) -- D:\_BRG-WC-Reference\archibus-231-330-uofc\schema\ab-products\common\mobile\src\touch\src\dataview\DataView.js:893
[WRN] C1014: callParent has no target (this.callParent in Ext.Decorator.setDisabled) -- D:\_BRG-WC-Reference\archibus-231-330-uofc\schema\ab-products\common\mobile\src\touch\src\Decorator.js:157
[WRN] C1014: callParent has no target (this.callParent in Ext.data.ArrayStore.loadData) -- D:\_BRG-WC-Reference\archibus-231-330-uofc\schema\ab-products\common\mobile\src\touch\src\data\ArrayStore.js:69
[WRN] C1014: callParent has no target (this.callParent in Ext.fx.animation.Wipe.getData) -- D:\_BRG-WC-Reference\archibus-231-330-uofc\schema\ab-products\common\mobile\src\touch\src\fx\animation\Wipe.js:119:7
[INF] merging 0 input resources into D:\_BRG-WC-Reference\archibus-231-330-uofc\schema\ab-products\common\mobile\src\build\production\ConditionAssessment\resources
[INF] merged 0 resources into D:\_BRG-WC-Reference\archibus-231-330-uofc\schema\ab-products\common\mobile\src\build\production\ConditionAssessment\resources
[INF] merging 23 input resources into D:\_BRG-WC-Reference\archibus-231-330-uofc\schema\ab-products\common\mobile\src\build\production\ConditionAssessment
[INF] merged 23 resources into D:\_BRG-WC-Reference\archibus-231-330-uofc\schema\ab-products\common\mobile\src\build\production\ConditionAssessment
[INF] executing compass using system installed ruby runtime
identical ../css/app.css 
identical ../css/loader.css 
[INF] Copying page resources to D:\_BRG-WC-Reference\archibus-231-330-uofc\schema\ab-products\common\mobile\src\build\production\ConditionAssessment
[INF] Generating file deltas to D:\_BRG-WC-Reference\archibus-231-330-uofc\schema\ab-products\common\mobile\src/build/production/ConditionAssessment/deltas
[INF] Writing content to D:\_BRG-WC-Reference\archibus-231-330-uofc\schema\ab-products\common\mobile\src/build/production/ConditionAssessment/app.json
[INF] Writing content to D:\_BRG-WC-Reference\archibus-231-330-uofc\schema\ab-products\common\mobile\src/build/production/ConditionAssessment/microloader.js
[INF] Appending content to D:\_BRG-WC-Reference\archibus-231-330-uofc\schema\ab-products\common\mobile\src/build/production/ConditionAssessment/microloader.js
[INF] Building output markup to D:\_BRG-WC-Reference\archibus-231-330-uofc\schema\ab-products\common\mobile\src/build/production/ConditionAssessment/index.html
[INF] Writing content to D:\_BRG-WC-Reference\archibus-231-330-uofc\schema\ab-products\common\mobile\src/build/production/ConditionAssessment/index.html
[INF] generating cache manifest to D:\_BRG-WC-Reference\archibus-231-330-uofc\schema\ab-products\common\mobile\src/build/production/ConditionAssessment/cache.appcache

